#
# There is insufficient memory for the Java Runtime Environment to continue.
# Native memory allocation (malloc) failed to allocate 4096 bytes for AllocateHeap
# Possible reasons:
#   The system is out of physical RAM or swap space
#   The process is running with CompressedOops enabled, and the Java Heap may be blocking the growth of the native heap
# Possible solutions:
#   Reduce memory load on the system
#   Increase physical memory or swap space
#   Check if swap backing store is full
#   Decrease Java heap size (-Xmx/-Xms)
#   Decrease number of Java threads
#   Decrease Java thread stack sizes (-Xss)
#   Set larger code cache with -XX:ReservedCodeCacheSize=
#   JVM is running with Zero Based Compressed Oops mode in which the Java heap is
#     placed in the first 32GB address space. The Java Heap base address is the
#     maximum limit for the native heap growth. Please use -XX:HeapBaseMinAddress
#     to set the Java Heap base and to place the Java Heap above 32GB virtual address.
# This output file may be truncated or incomplete.
#
#  Out of Memory Error (allocation.cpp:44), pid=7664, tid=8320
#
# JRE version:  (17.0.8+9) (build )
# Java VM: Java HotSpot(TM) 64-Bit Server VM (17.0.8+9-LTS-211, mixed mode, sharing, tiered, compressed oops, compressed class ptrs, g1 gc, windows-amd64)
# No core dump will be written. Minidumps are not enabled by default on client versions of Windows
#

---------------  S U M M A R Y ------------

Command Line: -javaagent:D:\IntelliJ IDEA Community Edition 2022.3.3\lib\idea_rt.jar=61124:D:\IntelliJ IDEA Community Edition 2022.3.3\bin -Dfile.encoding=UTF-8 Calculator

Host: Intel(R) Xeon(R) CPU E5-2643 0 @ 3.30GHz, 8 cores, 15G,  Windows 7 , 64 bit Build 7601 (6.1.7601.24552)
Time: Thu Sep 14 19:45:03 2023  Windows 7 , 64 bit Build 7601 (6.1.7601.24552) elapsed time: 0.940122 seconds (0d 0h 0m 0s)

---------------  T H R E A D  ---------------

Current thread (0x0000000000465810):  JavaThread "Unknown thread" [_thread_in_vm, id=8320, stack(0x00000000022d0000,0x00000000023d0000)]

Stack: [0x00000000022d0000,0x00000000023d0000]
Native frames: (J=compiled Java code, j=interpreted, Vv=VM code, C=native code)
V  [jvm.dll+0x677d0a]
V  [jvm.dll+0x7d8c54]
V  [jvm.dll+0x7da3fe]
V  [jvm.dll+0x7daa63]
V  [jvm.dll+0x245c5f]
V  [jvm.dll+0xa50e3]
V  [jvm.dll+0x35b7d8]
V  [jvm.dll+0x357c61]
V  [jvm.dll+0x2dbc5b]
V  [jvm.dll+0x35a07e]
V  [jvm.dll+0x35a1cf]
V  [jvm.dll+0x2da3e8]
V  [jvm.dll+0x2db354]
V  [jvm.dll+0x7aa711]
V  [jvm.dll+0x367b51]
V  [jvm.dll+0x789979]
V  [jvm.dll+0x3eb05f]
V  [jvm.dll+0x3ecae1]
C  [jli.dll+0x5297]
C  [ucrtbase.DLL+0x214c2]
C  [kernel32.dll+0x155dd]
C  [ntdll.dll+0x52b1d]


---------------  P R O C E S S  ---------------

Threads class SMR info:
_java_thread_list=0x000007fee9f159d8, length=0, elements={
}

Java Threads: ( => current thread )

Other Threads:
  0x00000000004b6cb0 GCTaskThread "GC Thread#0" [stack: 0x00000000235a0000,0x00000000236a0000] [id=9824]
  0x00000000004bf660 ConcurrentGCThread "G1 Main Marker" [stack: 0x0000000023720000,0x0000000023820000] [id=10032]
  0x000000002335cf70 ConcurrentGCThread "G1 Conc#0" [stack: 0x00000000238c0000,0x00000000239c0000] [id=10092]

[error occurred during error reporting (printing all threads), id 0xc0000005, EXCEPTION_ACCESS_VIOLATION (0xc0000005) at pc=0x000007fee974b047]

VM state: not at safepoint (not fully initialized)

VM Mutex/Monitor currently owned by a thread:  ([mutex/lock_event])
[0x00000000004608a0] Heap_lock - owner thread: 0x0000000000465810

Heap address: 0x0000000701000000, size: 4080 MB, Compressed Oops mode: Zero based, Oop shift amount: 3

CDS archive(s) mapped at: [0x0000000000000000-0x0000000000000000-0x0000000000000000), size 0, SharedBaseAddress: 0x0000000800000000, ArchiveRelocationMode: 1.
Narrow klass base: 0x0000000000000000, Narrow klass shift: 0, Narrow klass range: 0x0

GC Precious Log:
<Empty>

Heap:
 garbage-first heap   total 0K, used 0K [0x0000000701000000, 0x0000000800000000)
  region size 2048K, 0 young (0K), 0 survivors (0K)

[error occurred during error reporting (printing heap information), id 0xc0000005, EXCEPTION_ACCESS_VIOLATION (0xc0000005) at pc=0x000007fee9b31499]

GC Heap History (0 events):
No events

Deoptimization events (0 events):
No events

Classes unloaded (0 events):
No events

Classes redefined (0 events):
No events

Internal exceptions (0 events):
No events

VM Operations (0 events):
No events

Events (1 events):
Event: 0.629 Loaded shared library C:\Java\bin\java.dll


Dynamic libraries:
0x000000013fea0000 - 0x000000013feb0000 	C:\Java\bin\java.exe
0x0000000077a20000 - 0x0000000077bbf000 	C:\Windows\SYSTEM32\ntdll.dll
0x0000000077800000 - 0x0000000077920000 	C:\Windows\system32\kernel32.dll
0x000007fefd740000 - 0x000007fefd7a7000 	C:\Windows\system32\KERNELBASE.dll
0x000007fef8b70000 - 0x000007fef8b89000 	C:\Java\bin\jli.dll
0x000007feffb00000 - 0x000007feffbdb000 	C:\Windows\system32\ADVAPI32.dll
0x000007fefd920000 - 0x000007fefd9bf000 	C:\Windows\system32\msvcrt.dll
0x000007fefd900000 - 0x000007fefd91f000 	C:\Windows\SYSTEM32\sechost.dll
0x000007fefdcf0000 - 0x000007fefde1c000 	C:\Windows\system32\RPCRT4.dll
0x000007fefb060000 - 0x000007fefb255000 	C:\Windows\WinSxS\amd64_microsoft.windows.common-controls_6595b64144ccf1df_6.0.7601.24483_none_e372d88f30fbb845\COMCTL32.dll
0x000007fefdfb0000 - 0x000007fefe017000 	C:\Windows\system32\GDI32.dll
0x0000000077920000 - 0x0000000077a1b000 	C:\Windows\system32\USER32.dll
0x000007feffaf0000 - 0x000007feffafe000 	C:\Windows\system32\LPK.dll
0x000007fefe200000 - 0x000007fefe2cb000 	C:\Windows\system32\USP10.dll
0x000007feffbe0000 - 0x000007feffc51000 	C:\Windows\system32\SHLWAPI.dll
0x000007fefc7a0000 - 0x000007fefc7ac000 	C:\Windows\system32\VERSION.dll
0x000007fef8b50000 - 0x000007fef8b6b000 	C:\Java\bin\VCRUNTIME140.dll
0x000007fef8b40000 - 0x000007fef8b44000 	C:\Java\bin\api-ms-win-crt-runtime-l1-1-0.dll
0x000007fef8a40000 - 0x000007fef8b40000 	C:\Java\bin\ucrtbase.DLL
0x000007fef80e0000 - 0x000007fef80e3000 	C:\Java\bin\api-ms-win-core-localization-l1-2-0.dll
0x000007fef6fd0000 - 0x000007fef6fd3000 	C:\Java\bin\api-ms-win-core-processthreads-l1-1-1.dll
0x000007fef6fc0000 - 0x000007fef6fc3000 	C:\Java\bin\api-ms-win-core-file-l1-2-0.dll
0x000007fef6fb0000 - 0x000007fef6fb3000 	C:\Java\bin\api-ms-win-core-timezone-l1-1-0.dll
0x000007fef6fa0000 - 0x000007fef6fa3000 	C:\Java\bin\api-ms-win-core-file-l2-1-0.dll
0x000007fef6f60000 - 0x000007fef6f63000 	C:\Java\bin\api-ms-win-core-synch-l1-2-0.dll
0x000007fef6f50000 - 0x000007fef6f53000 	C:\Java\bin\api-ms-win-crt-heap-l1-1-0.dll
0x000007fef6f40000 - 0x000007fef6f44000 	C:\Java\bin\api-ms-win-crt-string-l1-1-0.dll
0x000007fef6f30000 - 0x000007fef6f34000 	C:\Java\bin\api-ms-win-crt-stdio-l1-1-0.dll
0x000007fef6f20000 - 0x000007fef6f24000 	C:\Java\bin\api-ms-win-crt-convert-l1-1-0.dll
0x000007fef6f10000 - 0x000007fef6f13000 	C:\Java\bin\api-ms-win-crt-environment-l1-1-0.dll
0x000007fef6f00000 - 0x000007fef6f03000 	C:\Java\bin\api-ms-win-crt-filesystem-l1-1-0.dll
0x000007fef6ef0000 - 0x000007fef6ef5000 	C:\Java\bin\api-ms-win-crt-math-l1-1-0.dll
0x000007fef6ee0000 - 0x000007fef6ee3000 	C:\Java\bin\api-ms-win-crt-locale-l1-1-0.dll
0x000007fefe580000 - 0x000007fefe5ae000 	C:\Windows\system32\IMM32.DLL
0x000007fefe390000 - 0x000007fefe49b000 	C:\Windows\system32\MSCTF.dll
0x000007fef6ed0000 - 0x000007fef6edc000 	C:\Java\bin\vcruntime140_1.dll
0x000007feec0f0000 - 0x000007feec17e000 	C:\Java\bin\msvcp140.dll
0x000007fef6ec0000 - 0x000007fef6ec3000 	C:\Java\bin\api-ms-win-crt-time-l1-1-0.dll
0x000007fef6eb0000 - 0x000007fef6eb3000 	C:\Java\bin\api-ms-win-crt-utility-l1-1-0.dll
0x000007fee9460000 - 0x000007feea03e000 	C:\Java\bin\server\jvm.dll
0x000007fefbf60000 - 0x000007fefbf69000 	C:\Windows\system32\WSOCK32.dll
0x000007fefdc90000 - 0x000007fefdcdd000 	C:\Windows\system32\WS2_32.dll
0x000007fefdce0000 - 0x000007fefdce8000 	C:\Windows\system32\NSI.dll
0x000007fef9690000 - 0x000007fef96cb000 	C:\Windows\system32\WINMM.dll
0x0000000077bd0000 - 0x0000000077bd7000 	C:\Windows\system32\PSAPI.DLL
0x000007fef6ea0000 - 0x000007fef6eaa000 	C:\Java\bin\jimage.dll
0x000007fef2100000 - 0x000007fef2225000 	C:\Windows\system32\DBGHELP.DLL
0x000007fef6e80000 - 0x000007fef6e8e000 	C:\Java\bin\instrument.dll
0x000007feec0c0000 - 0x000007feec0e5000 	C:\Java\bin\java.dll

dbghelp: loaded successfully - version: 4.0.5 - missing functions: none
symbol engine: initialized successfully - sym options: 0x614 - pdb path: .;C:\Java\bin;C:\Windows\SYSTEM32;C:\Windows\WinSxS\amd64_microsoft.windows.common-controls_6595b64144ccf1df_6.0.7601.24483_none_e372d88f30fbb845;C:\Java\bin\server

VM Arguments:
jvm_args: -javaagent:D:\IntelliJ IDEA Community Edition 2022.3.3\lib\idea_rt.jar=61124:D:\IntelliJ IDEA Community Edition 2022.3.3\bin -Dfile.encoding=UTF-8 
java_command: Calculator
java_class_path (initial): C:\Java\jmods\Calc\Calculator 2.0\out\production\Calculator 2.0
Launcher Type: SUN_STANDARD

[Global flags]
     intx CICompilerCount                          = 4                                         {product} {ergonomic}
     uint ConcGCThreads                            = 2                                         {product} {ergonomic}
     uint G1ConcRefinementThreads                  = 8                                         {product} {ergonomic}
   size_t G1HeapRegionSize                         = 2097152                                   {product} {ergonomic}
    uintx GCDrainStackTargetSize                   = 64                                        {product} {ergonomic}
   size_t InitialHeapSize                          = 268435456                                 {product} {ergonomic}
   size_t MarkStackSize                            = 4194304                                   {product} {ergonomic}
   size_t MaxHeapSize                              = 4278190080                                {product} {ergonomic}
   size_t MinHeapDeltaBytes                        = 2097152                                   {product} {ergonomic}
   size_t MinHeapSize                              = 8388608                                   {product} {ergonomic}
    uintx NonNMethodCodeHeapSize                   = 5839372                                {pd product} {ergonomic}
    uintx NonProfiledCodeHeapSize                  = 122909434                              {pd product} {ergonomic}
    uintx ProfiledCodeHeapSize                     = 122909434                              {pd product} {ergonomic}
    uintx ReservedCodeCacheSize                    = 251658240                              {pd product} {ergonomic}
     bool SegmentedCodeCache                       = true                                      {product} {ergonomic}
   size_t SoftMaxHeapSize                          = 4278190080                             {manageable} {ergonomic}
     bool UseCompressedClassPointers               = true                           {product lp64_product} {ergonomic}
     bool UseCompressedOops                        = true                           {product lp64_product} {ergonomic}
     bool UseG1GC                                  = true                                      {product} {ergonomic}
     bool UseLargePagesIndividualAllocation        = false                                  {pd product} {ergonomic}

Logging:
Log output configuration:
 #0: stdout all=warning uptime,level,tags
 #1: stderr all=off uptime,level,tags

Environment Variables:
JAVA_HOME=C:\Java
PATH=C:\Program Files\Common Files\Oracle\Java\javapath;C:\Windows\system32;C:\Windows;C:\Windows\System32\Wbem;C:\Windows\System32\WindowsPowerShell\v1.0\;C:\Program Files (x86)\NVIDIA Corporation\PhysX\Common;C:\Program Files\NVIDIA Corporation\NVIDIA NvDLISR;C:\Java\bin;C:\Program Files\Git\cmd
USERNAME=Admin
OS=Windows_NT
PROCESSOR_IDENTIFIER=Intel64 Family 6 Model 45 Stepping 7, GenuineIntel



---------------  S Y S T E M  ---------------

OS:
 Windows 7 , 64 bit Build 7601 (6.1.7601.24552)
OS uptime: 0 days 2:20 hours

CPU: total 8 (initial active 8) (4 cores per cpu, 2 threads per core) family 6 model 45 stepping 7 microcode 0x0, cx8, cmov, fxsr, ht, mmx, sse, sse2, sse3, ssse3, sse4.1, sse4.2, popcnt, tsc, tscinvbit, avx, aes, clmul, vzeroupper, clflush

Memory: 4k page, system-wide physical 16317M (7183M free)
TotalPageFile size 16315M (AvailPageFile size 334M)
current process WorkingSet (physical memory assigned to process): 12M, peak: 12M
current process commit charge ("private bytes"): 336M, peak: 336M

vm_info: Java HotSpot(TM) 64-Bit Server VM (17.0.8+9-LTS-211) for windows-amd64 JRE (17.0.8+9-LTS-211), built on Jun 14 2023 10:34:31 by "mach5one" with MS VC++ 17.1 (VS2022)

END.
